<?xml version="1.0" encoding="UTF-8"?>
<!-- Generated by org.testng.reporters.JUnitReportReporter -->
<testsuite hostname="DESKTOP-OG4D1Q1" failures="0" tests="1" name="cucumber.testNGTestRunner" time="6.456" errors="0" timestamp="2022-12-24T15:51:48 IST" skipped="0">
  <testcase classname="cucumber.testNGTestRunner" name="runScenario" time="6.456"/>
  <system-out/>
</testsuite> <!-- cucumber.testNGTestRunner -->
