<?xml version="1.0" encoding="UTF-8"?>
<!-- Generated by org.testng.reporters.JUnitReportReporter -->
<testsuite hostname="DESKTOP-OG4D1Q1" failures="0" tests="2" name="Home.PracticeProject.tests.ErrorValidations" time="20.122" errors="0" timestamp="2023-02-15T11:24:47 IST" skipped="0">
  <testcase classname="Home.PracticeProject.tests.ErrorValidations" name="performanceGlitchUserValidation" time="14.397"/>
  <system-out/>
  <testcase classname="Home.PracticeProject.tests.ErrorValidations" name="lockedOutUserValidation" time="5.725"/>
  <system-out/>
</testsuite> <!-- Home.PracticeProject.tests.ErrorValidations -->
