<?xml version="1.0" encoding="UTF-8"?>
<!-- Generated by org.testng.reporters.JUnitReportReporter -->
<testsuite hostname="DESKTOP-OG4D1Q1" failures="0" tests="2" name="Home.PracticeProject.tests.Testclass" time="17.949" errors="0" timestamp="2023-02-15T11:24:47 IST" skipped="0">
  <testcase classname="Home.PracticeProject.tests.Testclass" name="submitOrder" time="7.540"/>
  <system-out/>
  <testcase classname="Home.PracticeProject.tests.Testclass" name="submitOrder" time="10.409"/>
  <system-out/>
</testsuite> <!-- Home.PracticeProject.tests.Testclass -->
