<?xml version="1.0" encoding="UTF-8"?>
<!-- Generated by org.testng.reporters.JUnitReportReporter -->
<testsuite hostname="DESKTOP-OG4D1Q1" failures="0" tests="2" name="Home.PracticeProject.tests.Testclass" time="11.407" errors="0" timestamp="2022-12-26T17:30:03 IST" skipped="0">
  <testcase classname="Home.PracticeProject.tests.Testclass" name="submitOrder" time="4.561"/>
  <system-out/>
  <testcase classname="Home.PracticeProject.tests.Testclass" name="submitOrder" time="6.846"/>
  <system-out/>
</testsuite> <!-- Home.PracticeProject.tests.Testclass -->
